2025-04-08 23:15:27.342599 - Received CBT.V508.FILE1032.PDS from FILE1032.XMI 
2025-04-08 23:15:27.346134 - Found $$$#DATE.txt (text/plain) in CBT.V508.FILE1032.PDS, moved to PDS/$$$#DATE
2025-04-08 23:15:27.346820 - Found $DOC.txt (text/plain) in CBT.V508.FILE1032.PDS, moved to PDS/$DOC
2025-04-08 23:15:27.347467 - Found $DOC2.txt (text/plain) in CBT.V508.FILE1032.PDS, moved to PDS/$DOC2
2025-04-08 23:15:27.348059 - Found $INDEX.txt (text/plain) in CBT.V508.FILE1032.PDS, moved to PDS/$INDEX
2025-04-08 23:15:27.348640 - Found $INSTALL.txt (text/plain) in CBT.V508.FILE1032.PDS, moved to PDS/$INSTALL
2025-04-08 23:15:27.349190 - Found $README.txt (text/plain) in CBT.V508.FILE1032.PDS, moved to PDS/$README
2025-04-08 23:15:27.349732 - Found $ZLISTEN.txt (text/plain) in CBT.V508.FILE1032.PDS, moved to PDS/$ZLISTEN
2025-04-08 23:15:27.350361 - Found @FIL1032.txt (text/plain) in CBT.V508.FILE1032.PDS, moved to PDS/@FIL1032
2025-04-08 23:15:27.350875 - Found ALLOC.jcl (text/plain) in CBT.V508.FILE1032.PDS, moved to PDS/ALLOC
2025-04-08 23:15:27.351589 - Found XPCCMD.txt (text/plain) in CBT.V508.FILE1032.PDS, moved to PDS/XPCCMD
2025-04-08 23:15:27.352267 - Found XPCENF.txt (text/plain) in CBT.V508.FILE1032.PDS, moved to PDS/XPCENF
2025-04-08 23:15:27.352892 - Found XPCEOM.txt (text/plain) in CBT.V508.FILE1032.PDS, moved to PDS/XPCEOM
2025-04-08 23:15:27.353459 - Found XPCEOT.txt (text/plain) in CBT.V508.FILE1032.PDS, moved to PDS/XPCEOT
2025-04-08 23:15:27.354060 - Found XPCFRR.txt (text/plain) in CBT.V508.FILE1032.PDS, moved to PDS/XPCFRR
2025-04-08 23:15:27.354701 - Found XPCINI.txt (text/plain) in CBT.V508.FILE1032.PDS, moved to PDS/XPCINI
2025-04-08 23:15:27.355324 - Found XPCMSG.txt (text/plain) in CBT.V508.FILE1032.PDS, moved to PDS/XPCMSG
2025-04-08 23:15:27.356013 - Found XPCNUC.txt (text/plain) in CBT.V508.FILE1032.PDS, moved to PDS/XPCNUC
2025-04-08 23:15:27.356576 - Found XPCRTM.txt (text/plain) in CBT.V508.FILE1032.PDS, moved to PDS/XPCRTM
2025-04-08 23:15:27.357227 - Found XPCSRV.txt (text/plain) in CBT.V508.FILE1032.PDS, moved to PDS/XPCSRV
2025-04-08 23:15:27.357829 - Found XPCTST.txt (text/plain) in CBT.V508.FILE1032.PDS, moved to PDS/XPCTST
2025-04-08 23:15:27.358513 - Found XPCWTO.txt (text/plain) in CBT.V508.FILE1032.PDS, moved to PDS/XPCWTO
2025-04-08 23:15:27.359136 - Found ZAUTH.txt (text/plain) in CBT.V508.FILE1032.PDS, moved to PDS/ZAUTH
2025-04-08 23:15:27.359728 - Found ZCOPY.txt (text/plain) in CBT.V508.FILE1032.PDS, moved to PDS/ZCOPY
2025-04-08 23:15:27.360323 - Found ZDYNLPA.txt (text/plain) in CBT.V508.FILE1032.PDS, moved to PDS/ZDYNLPA
2025-04-08 23:15:27.360887 - Found ZFREMEM.txt (text/plain) in CBT.V508.FILE1032.PDS, moved to PDS/ZFREMEM
2025-04-08 23:15:27.361522 - Found ZGETMEM.txt (text/plain) in CBT.V508.FILE1032.PDS, moved to PDS/ZGETMEM
2025-04-08 23:15:27.362182 - Found ZLISTEN.txt (text/plain) in CBT.V508.FILE1032.PDS, moved to PDS/ZLISTEN
2025-04-08 23:15:27.362771 - Found ZPROT.txt (text/plain) in CBT.V508.FILE1032.PDS, moved to PDS/ZPROT
2025-04-08 23:15:27.363379 - Found ZXPCLINK.jcl (text/plain) in CBT.V508.FILE1032.PDS, moved to PDS/ZXPCLINK
2025-04-08 23:15:27.363969 - Found ZXPCRACF.jcl (text/plain) in CBT.V508.FILE1032.PDS, moved to PDS/ZXPCRACF
2025-04-08 23:15:27.364534 - Found ZZASY.txt (text/plain) in CBT.V508.FILE1032.PDS, moved to PDS/ZZASY
2025-04-08 23:15:27.365103 - Found ZZCALL.txt (text/plain) in CBT.V508.FILE1032.PDS, moved to PDS/ZZCALL
2025-04-08 23:15:27.365726 - Found ZZEQU.txt (text/plain) in CBT.V508.FILE1032.PDS, moved to PDS/ZZEQU
2025-04-08 23:15:27.366311 - Found ZZGBL.txt (text/plain) in CBT.V508.FILE1032.PDS, moved to PDS/ZZGBL
2025-04-08 23:15:27.366922 - Found ZZMAC.txt (text/plain) in CBT.V508.FILE1032.PDS, moved to PDS/ZZMAC
2025-04-08 23:15:27.367498 - Found ZZRETRY.txt (text/plain) in CBT.V508.FILE1032.PDS, moved to PDS/ZZRETRY
2025-04-08 23:15:27.368071 - Found ZZRUN.txt (text/plain) in CBT.V508.FILE1032.PDS, moved to PDS/ZZRUN
2025-04-08 23:15:27.368695 - Found ZZRWA.txt (text/plain) in CBT.V508.FILE1032.PDS, moved to PDS/ZZRWA
2025-04-08 23:15:27.369280 - Found ZZTAB.txt (text/plain) in CBT.V508.FILE1032.PDS, moved to PDS/ZZTAB
2025-04-08 23:15:27.369830 - Found ZZTRC.txt (text/plain) in CBT.V508.FILE1032.PDS, moved to PDS/ZZTRC
2025-04-08 23:15:27.370405 - Found ZZWTO.txt (text/plain) in CBT.V508.FILE1032.PDS, moved to PDS/ZZWTO
2025-04-08 23:15:27.370951 - Found ZZXRE.txt (text/plain) in CBT.V508.FILE1032.PDS, moved to PDS/ZZXRE
2025-04-08 23:15:27.371470 - Found ZZXSA.txt (text/plain) in CBT.V508.FILE1032.PDS, moved to PDS/ZZXSA
2025-04-08 23:15:27.372195 - Found ZZXVT.txt (text/plain) in CBT.V508.FILE1032.PDS, moved to PDS/ZZXVT
